<?xml version="1.0" encoding="UTF-8"?>
<!-- Generated by org.testng.reporters.JUnitReportReporter -->
<testsuite hostname="SarthakThinkpad" failures="0" tests="1" name="testng_revision_7th_Apr_2023.Paramterization_TestCases" time="7.080" errors="0" timestamp="2023-04-07T15:08:11 GMT-04:00" skipped="0">
  <testcase classname="testng_revision_7th_Apr_2023.Paramterization_TestCases" name="tutorialsNinjaLoginTest" time="7.080"/>
  <system-out/>
</testsuite> <!-- testng_revision_7th_Apr_2023.Paramterization_TestCases -->
