<?xml version="1.0" encoding="UTF-8"?>
<!-- Generated by org.testng.reporters.JUnitReportReporter -->
<testsuite hostname="SarthakThinkpad" failures="0" tests="1" name="uat_env_testcases.RegisterUATTest" time="0.000" errors="0" timestamp="2023-04-14T12:36:42 GMT-04:00" skipped="0">
  <testcase classname="uat_env_testcases.RegisterUATTest" name="registerTestResult" time="0.000"/>
  <system-out/>
</testsuite> <!-- uat_env_testcases.RegisterUATTest -->
