<?xml version="1.0" encoding="UTF-8"?>
<!-- Generated by org.testng.reporters.JUnitReportReporter -->
<testsuite hostname="SarthakThinkpad" failures="0" tests="1" name="test_env_testcases.LogoutTest" time="0.002" errors="0" timestamp="2023-04-14T12:36:42 GMT-04:00" skipped="0">
  <testcase classname="test_env_testcases.LogoutTest" name="logoutTestResult" time="0.002"/>
  <system-out/>
</testsuite> <!-- test_env_testcases.LogoutTest -->
