<?xml version="1.0" encoding="UTF-8"?>
<!-- Generated by org.testng.reporters.JUnitReportReporter -->
<testsuite hostname="SarthakThinkpad" failures="0" tests="5" name="testng_revision_7th_Apr_2023.DataProvider_InTheSameClass" time="53.062" errors="0" timestamp="2023-04-07T15:28:22 GMT-04:00" skipped="0">
  <testcase classname="testng_revision_7th_Apr_2023.DataProvider_InTheSameClass" name="rediffLoginTest" time="11.269"/>
  <system-out/>
  <testcase classname="testng_revision_7th_Apr_2023.DataProvider_InTheSameClass" name="rediffLoginTest" time="11.895"/>
  <system-out/>
  <testcase classname="testng_revision_7th_Apr_2023.DataProvider_InTheSameClass" name="rediffLoginTest" time="10.348"/>
  <system-out/>
  <testcase classname="testng_revision_7th_Apr_2023.DataProvider_InTheSameClass" name="rediffLoginTest" time="7.836"/>
  <system-out/>
  <testcase classname="testng_revision_7th_Apr_2023.DataProvider_InTheSameClass" name="rediffLoginTest" time="11.714"/>
  <system-out/>
</testsuite> <!-- testng_revision_7th_Apr_2023.DataProvider_InTheSameClass -->
