<?xml version="1.0" encoding="UTF-8"?>
<!-- Generated by org.testng.reporters.JUnitReportReporter -->
<testsuite hostname="SarthakThinkpad" failures="0" tests="5" name="readingDataFromExcelSheet.RediffLoginTest" time="58.496" errors="0" timestamp="2023-04-07T16:12:44 GMT-04:00" skipped="0">
  <testcase classname="readingDataFromExcelSheet.RediffLoginTest" name="rediffLoginTest" time="12.276"/>
  <system-out/>
  <testcase classname="readingDataFromExcelSheet.RediffLoginTest" name="rediffLoginTest" time="11.994"/>
  <system-out/>
  <testcase classname="readingDataFromExcelSheet.RediffLoginTest" name="rediffLoginTest" time="11.743"/>
  <system-out/>
  <testcase classname="readingDataFromExcelSheet.RediffLoginTest" name="rediffLoginTest" time="12.231"/>
  <system-out/>
  <testcase classname="readingDataFromExcelSheet.RediffLoginTest" name="rediffLoginTest" time="10.252"/>
  <system-out/>
</testsuite> <!-- readingDataFromExcelSheet.RediffLoginTest -->
