<?xml version="1.0" encoding="UTF-8"?>
<!-- Generated by org.testng.reporters.JUnitReportReporter -->
<testsuite hostname="SarthakThinkpad" failures="0" tests="10" name="readingDataFromExcelSheet.RediffAndTNoginTest" time="88.327" errors="0" timestamp="2023-04-07T16:23:49 GMT-04:00" skipped="0">
  <testcase classname="readingDataFromExcelSheet.RediffAndTNoginTest" name="rediffLoginTest" time="12.399"/>
  <system-out/>
  <testcase classname="readingDataFromExcelSheet.RediffAndTNoginTest" name="rediffLoginTest" time="11.474"/>
  <system-out/>
  <testcase classname="readingDataFromExcelSheet.RediffAndTNoginTest" name="rediffLoginTest" time="11.892"/>
  <system-out/>
  <testcase classname="readingDataFromExcelSheet.RediffAndTNoginTest" name="rediffLoginTest" time="12.099"/>
  <system-out/>
  <testcase classname="readingDataFromExcelSheet.RediffAndTNoginTest" name="rediffLoginTest" time="10.041"/>
  <system-out/>
  <testcase classname="readingDataFromExcelSheet.RediffAndTNoginTest" name="tutorialsNinjaLoginTest" time="6.353"/>
  <system-out/>
  <testcase classname="readingDataFromExcelSheet.RediffAndTNoginTest" name="tutorialsNinjaLoginTest" time="6.230"/>
  <system-out/>
  <testcase classname="readingDataFromExcelSheet.RediffAndTNoginTest" name="tutorialsNinjaLoginTest" time="5.685"/>
  <system-out/>
  <testcase classname="readingDataFromExcelSheet.RediffAndTNoginTest" name="tutorialsNinjaLoginTest" time="5.922"/>
  <system-out/>
  <testcase classname="readingDataFromExcelSheet.RediffAndTNoginTest" name="tutorialsNinjaLoginTest" time="6.232"/>
  <system-out/>
</testsuite> <!-- readingDataFromExcelSheet.RediffAndTNoginTest -->
