<?xml version="1.0" encoding="UTF-8"?>
<!-- Generated by org.testng.reporters.JUnitReportReporter -->
<testsuite hostname="SarthakThinkpad" failures="0" tests="1" name="production_env_testcases.RegisterProdTest" time="0.005" errors="0" timestamp="2023-04-14T12:36:42 GMT-04:00" skipped="0">
  <testcase classname="production_env_testcases.RegisterProdTest" name="registerTestResult" time="0.005"/>
  <system-out/>
</testsuite> <!-- production_env_testcases.RegisterProdTest -->
