<?xml version="1.0" encoding="UTF-8"?>
<!-- Generated by org.testng.reporters.JUnitReportReporter -->
<testsuite hostname="SarthakThinkpad" failures="0" tests="2" name="testng_revision_7th_Apr_2023.Automation_Using_BM_AM" time="14.286" errors="0" timestamp="2023-04-07T14:44:47 GMT-04:00" skipped="0">
  <testcase classname="testng_revision_7th_Apr_2023.Automation_Using_BM_AM" name="loginTest" time="8.291"/>
  <system-out/>
  <testcase classname="testng_revision_7th_Apr_2023.Automation_Using_BM_AM" name="registerTest" time="5.995"/>
  <system-out/>
</testsuite> <!-- testng_revision_7th_Apr_2023.Automation_Using_BM_AM -->
