<?xml version="1.0" encoding="UTF-8"?>
<!-- Generated by org.testng.reporters.JUnitReportReporter -->
<testsuite hostname="SarthakThinkpad" failures="0" tests="4" name="testng_revision_7th_Apr_2023.Groups_InTestNG" time="0.011" errors="0" timestamp="2023-04-14T12:22:34 GMT-04:00" skipped="0">
  <testcase classname="testng_revision_7th_Apr_2023.Groups_InTestNG" name="tc4" time="0.001"/>
  <system-out/>
  <testcase classname="testng_revision_7th_Apr_2023.Groups_InTestNG" name="tc1" time="0.008"/>
  <system-out/>
  <testcase classname="testng_revision_7th_Apr_2023.Groups_InTestNG" name="tc3" time="0.001"/>
  <system-out/>
  <testcase classname="testng_revision_7th_Apr_2023.Groups_InTestNG" name="tc2" time="0.001"/>
  <system-out/>
</testsuite> <!-- testng_revision_7th_Apr_2023.Groups_InTestNG -->
