<?xml version="1.0" encoding="UTF-8"?>
<!-- Generated by org.testng.reporters.JUnitReportReporter -->
<testsuite hostname="SarthakThinkpad" failures="0" tests="4" name="testng_revision_7th_Apr_2023.BM_T_AM_TriCombo" time="0.005" errors="0" timestamp="2023-04-07T14:44:47 GMT-04:00" skipped="0">
  <testcase classname="testng_revision_7th_Apr_2023.BM_T_AM_TriCombo" name="abcd" time="0.001"/>
  <system-out/>
  <testcase classname="testng_revision_7th_Apr_2023.BM_T_AM_TriCombo" name="zycsk" time="0.001"/>
  <system-out/>
  <testcase classname="testng_revision_7th_Apr_2023.BM_T_AM_TriCombo" name="aahello" time="0.002"/>
  <system-out/>
  <testcase classname="testng_revision_7th_Apr_2023.BM_T_AM_TriCombo" name="hello" time="0.001"/>
  <system-out/>
</testsuite> <!-- testng_revision_7th_Apr_2023.BM_T_AM_TriCombo -->
