<?xml version="1.0" encoding="UTF-8"?>
<!-- Generated by org.testng.reporters.JUnitReportReporter -->
<testsuite hostname="SarthakThinkpad" failures="0" tests="2" name="testng_revision_7th_Apr_2023.Applying_Assertions_AutomationCode" time="18.263" errors="0" timestamp="2023-04-14T11:29:11 GMT-04:00" skipped="0">
  <testcase classname="testng_revision_7th_Apr_2023.Applying_Assertions_AutomationCode" name="clickOnSigninLink" time="8.490"/>
  <system-out/>
  <testcase classname="testng_revision_7th_Apr_2023.Applying_Assertions_AutomationCode" name="enterLoginCredentials" time="9.773"/>
  <system-out/>
</testsuite> <!-- testng_revision_7th_Apr_2023.Applying_Assertions_AutomationCode -->
