<?xml version="1.0" encoding="UTF-8"?>
<!-- Generated by org.testng.reporters.JUnitReportReporter -->
<testsuite hostname="SarthakThinkpad" failures="0" tests="2" name="testng_revision_7th_Apr_2023.Assertions_Advanced" time="15.648" errors="0" timestamp="2023-04-14T11:48:05 GMT-04:00" skipped="0">
  <testcase classname="testng_revision_7th_Apr_2023.Assertions_Advanced" name="verifyLoginWithValidCredentials" time="7.334"/>
  <system-out/>
  <testcase classname="testng_revision_7th_Apr_2023.Assertions_Advanced" name="verifyRegisteringAccountWithExistingCredentials" time="8.314"/>
  <system-out/>
</testsuite> <!-- testng_revision_7th_Apr_2023.Assertions_Advanced -->
