<?xml version="1.0" encoding="UTF-8"?>
<!-- Generated by org.testng.reporters.JUnitReportReporter -->
<testsuite skipped="0" hostname="SarthakThinkpad" name="testng_revision_7th_Apr_2023.Groups_InTestNG" tests="4" failures="0" timestamp="14 Apr 2023 17:48:20 GMT" time="0.000" errors="0">
  <testcase name="tc3" time="0.000" classname="testng_revision_7th_Apr_2023.Groups_InTestNG"/>
  <testcase name="tc1" time="0.000" classname="testng_revision_7th_Apr_2023.Groups_InTestNG"/>
  <testcase name="tc2" time="0.000" classname="testng_revision_7th_Apr_2023.Groups_InTestNG"/>
  <testcase name="tc4" time="0.000" classname="testng_revision_7th_Apr_2023.Groups_InTestNG"/>
</testsuite> <!-- testng_revision_7th_Apr_2023.Groups_InTestNG -->
