<?xml version="1.0" encoding="UTF-8"?>
<!-- Generated by org.testng.reporters.JUnitReportReporter -->
<testsuite skipped="0" hostname="SarthakThinkpad" name="testng_revision_7th_Apr_2023.Automation_Using_BM_AM" tests="2" failures="0" timestamp="14 Apr 2023 17:48:20 GMT" time="17.306" errors="0">
  <testcase name="registerTest" time="8.384" classname="testng_revision_7th_Apr_2023.Automation_Using_BM_AM"/>
  <testcase name="loginTest" time="8.922" classname="testng_revision_7th_Apr_2023.Automation_Using_BM_AM"/>
</testsuite> <!-- testng_revision_7th_Apr_2023.Automation_Using_BM_AM -->
