<?xml version="1.0" encoding="UTF-8"?>
<!-- Generated by org.testng.reporters.JUnitReportReporter -->
<testsuite skipped="0" hostname="SarthakThinkpad" name="testng_revision_7th_Apr_2023.Annotations_In_TestNG" tests="2" failures="0" timestamp="14 Apr 2023 17:48:20 GMT" time="0.002" errors="0">
  <testcase name="testCase1" time="0.001" classname="testng_revision_7th_Apr_2023.Annotations_In_TestNG"/>
  <testcase name="testCase2" time="0.001" classname="testng_revision_7th_Apr_2023.Annotations_In_TestNG"/>
</testsuite> <!-- testng_revision_7th_Apr_2023.Annotations_In_TestNG -->
